#-----------------------------------------------------------
# Vivado v2023.1 (64-bit)
# SW Build 3865809 on Sun May  7 15:05:29 MDT 2023
# IP Build 3864474 on Sun May  7 20:36:21 MDT 2023
# SharedData Build 3865790 on Sun May 07 13:33:03 MDT 2023
# Start of session at: Fri Nov 24 11:57:54 2023
# Process ID: 13836
# Current directory: C:/Users/abhis/OneDrive/Desktop/spi_new/spi_master_slave
# Command line: vivado.exe -gui_launcher_event rodinguilauncherevent21968 C:\Users\abhis\OneDrive\Desktop\spi_new\spi_master_slave\spi_master_slave.xpr
# Log file: C:/Users/abhis/OneDrive/Desktop/spi_new/spi_master_slave/vivado.log
# Journal file: C:/Users/abhis/OneDrive/Desktop/spi_new/spi_master_slave\vivado.jou
# Running On: LAPTOP-KB4NR7PR, OS: Windows, CPU Frequency: 2419 MHz, CPU Physical cores: 4, Host memory: 21243 MB
#-----------------------------------------------------------
start_gui
open_project C:/Users/abhis/OneDrive/Desktop/spi_new/spi_master_slave/spi_master_slave.xpr
WARNING: [Board 49-26] cannot add Board Part xilinx.com:vek280_es:part0:1.0 available at D:/xilinx_23.1/Vivado/2023.1/data/xhub/boards/XilinxBoardStore/boards/Xilinx/vek280/es/rev_a/1.0/board.xml as part xcve2802-vsvh1760-2lp-e-s-es1 specified in board_part file is either invalid or not available
WARNING: [Board 49-26] cannot add Board Part xilinx.com:vek280_es:part0:1.1 available at D:/xilinx_23.1/Vivado/2023.1/data/xhub/boards/XilinxBoardStore/boards/Xilinx/vek280/es/rev_a/1.1/board.xml as part xcve2802-vsvh1760-2lp-e-s-es1 specified in board_part file is either invalid or not available
WARNING: [Board 49-26] cannot add Board Part xilinx.com:vek280_es_revb:part0:1.0 available at D:/xilinx_23.1/Vivado/2023.1/data/xhub/boards/XilinxBoardStore/boards/Xilinx/vek280/es/rev_b/1.0/board.xml as part xcve2802-vsvh1760-2mp-e-s-es1 specified in board_part file is either invalid or not available
WARNING: [Board 49-26] cannot add Board Part xilinx.com:vek280_es_revb:part0:1.1 available at D:/xilinx_23.1/Vivado/2023.1/data/xhub/boards/XilinxBoardStore/boards/Xilinx/vek280/es/rev_b/1.1/board.xml as part xcve2802-vsvh1760-2mp-e-s-es1 specified in board_part file is either invalid or not available
WARNING: [Board 49-26] cannot add Board Part xilinx.com:vhk158_es:part0:1.0 available at D:/xilinx_23.1/Vivado/2023.1/data/xhub/boards/XilinxBoardStore/boards/Xilinx/vhk158/es/1.0/board.xml as part xcvh1582-vsva3697-2mp-e-s-es1 specified in board_part file is either invalid or not available
WARNING: [Board 49-26] cannot add Board Part xilinx.com:vhk158_es:part0:1.1 available at D:/xilinx_23.1/Vivado/2023.1/data/xhub/boards/XilinxBoardStore/boards/Xilinx/vhk158/es/1.1/board.xml as part xcvh1582-vsva3697-2mp-e-s-es1 specified in board_part file is either invalid or not available
WARNING: [Board 49-26] cannot add Board Part xilinx.com:vpk120_es:part0:1.2 available at D:/xilinx_23.1/Vivado/2023.1/data/xhub/boards/XilinxBoardStore/boards/Xilinx/vpk120/es/1.2/board.xml as part xcvp1202-vsva2785-2mp-e-s-es1 specified in board_part file is either invalid or not available
WARNING: [Board 49-26] cannot add Board Part xilinx.com:vpk120_es:part0:1.3 available at D:/xilinx_23.1/Vivado/2023.1/data/xhub/boards/XilinxBoardStore/boards/Xilinx/vpk120/es/1.3/board.xml as part xcvp1202-vsva2785-2mp-e-s-es1 specified in board_part file is either invalid or not available
WARNING: [Board 49-26] cannot add Board Part xilinx.com:vpk120_es_revb:part0:1.0 available at D:/xilinx_23.1/Vivado/2023.1/data/xhub/boards/XilinxBoardStore/boards/Xilinx/vpk120_revb/es/1.0/board.xml as part xcvp1202-vsva2785-2mp-e-s-es1 specified in board_part file is either invalid or not available
WARNING: [Board 49-26] cannot add Board Part xilinx.com:vpk120_es_revb:part0:1.1 available at D:/xilinx_23.1/Vivado/2023.1/data/xhub/boards/XilinxBoardStore/boards/Xilinx/vpk120_revb/es/1.1/board.xml as part xcvp1202-vsva2785-2mp-e-s-es1 specified in board_part file is either invalid or not available
WARNING: [Board 49-26] cannot add Board Part xilinx.com:vpk180_es:part0:1.0 available at D:/xilinx_23.1/Vivado/2023.1/data/xhub/boards/XilinxBoardStore/boards/Xilinx/vpk180/es/1.0/board.xml as part xcvp1802-lsvc4072-2mp-e-s-es1 specified in board_part file is either invalid or not available
WARNING: [Board 49-26] cannot add Board Part xilinx.com:vpk180_es:part0:1.1 available at D:/xilinx_23.1/Vivado/2023.1/data/xhub/boards/XilinxBoardStore/boards/Xilinx/vpk180/es/1.1/board.xml as part xcvp1802-lsvc4072-2mp-e-s-es1 specified in board_part file is either invalid or not available
WARNING: [Board 49-26] cannot add Board Part xilinx.com:zcu208ld:part0:2.0 available at D:/xilinx_23.1/Vivado/2023.1/data/xhub/boards/XilinxBoardStore/boards/Xilinx/zcu208ld/production/2.0/board.xml as part xczu58dr-fsvg1517-2-i specified in board_part file is either invalid or not available
WARNING: [Board 49-26] cannot add Board Part xilinx.com:zcu216ld:part0:2.0 available at D:/xilinx_23.1/Vivado/2023.1/data/xhub/boards/XilinxBoardStore/boards/Xilinx/zcu216ld/production/2.0/board.xml as part xczu59dr-ffvf1760-2-i specified in board_part file is either invalid or not available
WARNING: [Board 49-26] cannot add Board Part xilinx.com:zcu670:part0:2.0 available at D:/xilinx_23.1/Vivado/2023.1/data/xhub/boards/XilinxBoardStore/boards/Xilinx/zcu670/2.0/board.xml as part xczu67dr-fsve1156-2-i specified in board_part file is either invalid or not available
WARNING: [Board 49-26] cannot add Board Part xilinx.com:zcu670ld:part0:1.0 available at D:/xilinx_23.1/Vivado/2023.1/data/xhub/boards/XilinxBoardStore/boards/Xilinx/zcu670ld/1.0/board.xml as part xczu57dr-fsve1156-2-i specified in board_part file is either invalid or not available
INFO: [filemgmt 56-3] Default IP Output Path : Could not find the directory 'C:/Users/abhis/OneDrive/Desktop/spi_new/spi_master_slave/spi_master_slave.gen/sources_1'.
Scanning sources...
Finished scanning sources
INFO: [IP_Flow 19-234] Refreshing IP repositories
INFO: [IP_Flow 19-1704] No user IP repositories specified
INFO: [IP_Flow 19-2313] Loaded Vivado IP repository 'D:/xilinx_23.1/Vivado/2023.1/data/ip'.
open_project: Time (s): cpu = 00:00:13 ; elapsed = 00:00:10 . Memory (MB): peak = 2450.758 ; gain = 320.969
update_compile_order -fileset sources_1
launch_simulation
Command: launch_simulation 
INFO: [Vivado 12-12493] Simulation top is 'spi_tb'
WARNING: [Vivado 12-13340] Unable to auto find GCC executables from simulator install path! (path not set)
INFO: [Vivado 12-5682] Launching behavioral simulation in 'C:/Users/abhis/OneDrive/Desktop/spi_new/spi_master_slave/spi_master_slave.sim/sim_1/behav/xsim'
INFO: [SIM-utils-51] Simulation object is 'sim_1'
INFO: [SIM-utils-72] Using boost library from 'D:/xilinx_23.1/Vivado/2023.1/tps/boost_1_72_0'
INFO: [SIM-utils-54] Inspecting design source files for 'spi_tb' in fileset 'sim_1'...
INFO: [USF-XSim-97] Finding global include files...
INFO: [USF-XSim-98] Fetching design files from 'sim_1'...
INFO: [USF-XSim-2] XSim::Compile design
INFO: [USF-XSim-61] Executing 'COMPILE and ANALYZE' step in 'C:/Users/abhis/OneDrive/Desktop/spi_new/spi_master_slave/spi_master_slave.sim/sim_1/behav/xsim'
"xvlog --incr --relax -prj spi_tb_vlog.prj"
INFO: [USF-XSim-69] 'compile' step finished in '1' seconds
INFO: [USF-XSim-3] XSim::Elaborate design
INFO: [USF-XSim-61] Executing 'ELABORATE' step in 'C:/Users/abhis/OneDrive/Desktop/spi_new/spi_master_slave/spi_master_slave.sim/sim_1/behav/xsim'
"xelab --incr --debug typical --relax --mt 2 -L xil_defaultlib -L unisims_ver -L unimacro_ver -L secureip --snapshot spi_tb_behav xil_defaultlib.spi_tb xil_defaultlib.glbl -log elaborate.log"
Vivado Simulator v2023.1
Copyright 1986-2022 Xilinx, Inc. All Rights Reserved.
Copyright 2022-2023 Advanced Micro Devices, Inc. All Rights Reserved.
Running: D:/xilinx_23.1/Vivado/2023.1/bin/unwrapped/win64.o/xelab.exe --incr --debug typical --relax --mt 2 -L xil_defaultlib -L unisims_ver -L unimacro_ver -L secureip --snapshot spi_tb_behav xil_defaultlib.spi_tb xil_defaultlib.glbl -log elaborate.log 
Using 2 slave threads.
Starting static elaboration
Pass Through NonSizing Optimizer
WARNING: [VRFC 10-3091] actual bit length 1 differs from formal bit length 12 for port 'd_out' [C:/Users/abhis/OneDrive/Desktop/spi_new/spi_master_slave/spi_master_slave.srcs/sim_1/new/spi_tb.v:23]
Completed static elaboration
INFO: [XSIM 43-4323] No Change in HDL. Linking previously generated obj files to create kernel
INFO: [USF-XSim-69] 'elaborate' step finished in '2' seconds
INFO: [USF-XSim-4] XSim::Simulate design
INFO: [USF-XSim-61] Executing 'SIMULATE' step in 'C:/Users/abhis/OneDrive/Desktop/spi_new/spi_master_slave/spi_master_slave.sim/sim_1/behav/xsim'
INFO: [USF-XSim-98] *** Running xsim
   with args "spi_tb_behav -key {Behavioral:sim_1:Functional:spi_tb} -tclbatch {spi_tb.tcl} -view {C:/Users/abhis/OneDrive/Desktop/spi_new/spi_master_slave/spi_tb_behav.wcfg} -log {simulate.log}"
INFO: [USF-XSim-8] Loading simulator feature
Time resolution is 1 ps
open_wave_config C:/Users/abhis/OneDrive/Desktop/spi_new/spi_master_slave/spi_tb_behav.wcfg
source spi_tb.tcl
# set curr_wave [current_wave_config]
# if { [string length $curr_wave] == 0 } {
#   if { [llength [get_objects]] > 0} {
#     add_wave /
#     set_property needs_save false [current_wave_config]
#   } else {
#      send_msg_id Add_Wave-1 WARNING "No top level signals found. Simulator will start without a wave window. If you want to open a wave window go to 'File->New Waveform Configuration' or type 'create_wave_config' in the TCL console."
#   }
# }
# run 1000ns
Received Data: z
Received Data: z
Received Data: z
Received Data: z
Received Data: z
Received Data: z
Received Data: z
Received Data: z
Received Data: z
Received Data: z
Received Data: z
Received Data: z
Received Data: z
Received Data: z
Received Data: z
Received Data: z
Received Data: z
Received Data: z
Received Data: z
Received Data: z
Received Data: z
Received Data: z
Received Data: z
Received Data: z
Received Data: z
Received Data: z
Received Data: z
Received Data: z
Received Data: z
Received Data: z
Received Data: z
Received Data: z
Received Data: z
Received Data: z
Received Data: z
Received Data: z
Received Data: z
Received Data: z
Received Data: z
Received Data: z
Received Data: z
Received Data: z
Received Data: z
Received Data: z
Received Data: z
Received Data: z
Received Data: z
Received Data: z
Received Data: z
Received Data: z
Received Data: z
Received Data: z
Received Data: z
Received Data: z
Received Data: z
Received Data: z
Received Data: z
Received Data: z
Received Data: z
Received Data: z
Received Data: z
Received Data: z
Received Data: z
Received Data: z
Received Data: z
Received Data: z
Received Data: z
Received Data: z
Received Data: z
Received Data: z
Received Data: z
Received Data: z
Received Data: z
Received Data: z
Received Data: z
Received Data: z
Received Data: z
Received Data: z
Received Data: z
Received Data: z
Received Data: z
Received Data: z
Received Data: z
Received Data: z
Received Data: z
Received Data: z
Received Data: z
Received Data: z
Received Data: z
Received Data: z
Received Data: z
Received Data: z
Received Data: z
Received Data: z
Received Data: z
Received Data: z
Received Data: z
Received Data: z
Received Data: z
Received Data: z
Received Data: z
Received Data: z
Received Data: z
Received Data: z
Received Data: z
Received Data: z
Received Data: z
Received Data: z
Received Data: z
Received Data: z
Received Data: z
Received Data: z
Received Data: z
Received Data: z
Received Data: z
Received Data: z
Received Data: z
Received Data: z
Received Data: z
Received Data: z
Received Data: z
Received Data: z
Received Data: z
Received Data: z
Received Data: z
Received Data: z
Received Data: z
Received Data: z
Received Data: z
Received Data: z
Received Data: z
Received Data: z
Received Data: z
Received Data: z
Received Data: z
Received Data: z
Received Data: z
Received Data: z
Received Data: z
Received Data: z
Received Data: z
Received Data: z
Received Data: z
Received Data: z
Received Data: z
Received Data: z
Received Data: z
Received Data: z
Received Data: z
Received Data: z
Received Data: z
Received Data: z
Received Data: z
Received Data: z
Received Data: z
Received Data: z
Received Data: z
Received Data: z
Received Data: z
Received Data: z
Received Data: z
Received Data: z
Received Data: z
Received Data: z
Received Data: z
Received Data: z
Received Data: z
Received Data: z
Received Data: z
Received Data: z
Received Data: z
Received Data: z
Received Data: z
Received Data: z
Received Data: z
Received Data: z
Received Data: z
Received Data: z
Received Data: z
Received Data: z
Received Data: z
Received Data: z
Received Data: z
Received Data: z
Received Data: z
Received Data: z
Received Data: z
Received Data: z
Received Data: z
Received Data: z
Received Data: z
Received Data: z
Received Data: z
Received Data: z
Received Data: z
Received Data: z
Received Data: z
Received Data: z
Received Data: z
Received Data: z
Received Data: z
Received Data: z
Received Data: z
Received Data: z
Received Data: z
Received Data: z
Received Data: z
Received Data: z
Received Data: z
Received Data: z
Received Data: z
Received Data: z
Received Data: z
Received Data: z
Received Data: z
Received Data: z
Received Data: z
Received Data: z
Received Data: z
Received Data: z
Received Data: z
Received Data: z
Received Data: z
Received Data: z
Received Data: z
Received Data: z
Received Data: z
Received Data: z
Received Data: z
Received Data: z
Received Data: z
Received Data: z
Received Data: z
Received Data: z
Received Data: z
Received Data: z
Received Data: z
Received Data: z
Received Data: z
Received Data: z
Received Data: z
Received Data: z
Received Data: z
Received Data: z
Received Data: z
Received Data: z
Received Data: z
Received Data: z
Received Data: z
Received Data: z
Received Data: z
Received Data: z
Received Data: z
Received Data: z
Received Data: z
Received Data: z
Received Data: z
Received Data: z
Received Data: z
Received Data: z
Received Data: z
Received Data: z
Received Data: z
Received Data: z
Received Data: z
Received Data: z
Received Data: z
Received Data: z
Received Data: z
Received Data: z
Received Data: z
Received Data: z
Received Data: z
Received Data: z
Received Data: z
Received Data: z
Received Data: z
Received Data: z
Received Data: z
Received Data: z
Received Data: z
Received Data: z
Received Data: z
Received Data: z
Received Data: z
Received Data: z
Received Data: z
Received Data: z
Received Data: z
Received Data: z
Received Data: z
Received Data: z
Received Data: z
Received Data: z
Received Data: z
Received Data: z
Received Data: z
Received Data: z
Received Data: z
Received Data: z
Received Data: z
Received Data: z
Received Data: z
Received Data: z
Received Data: z
Received Data: z
Received Data: z
Received Data: z
Received Data: z
Received Data: z
Received Data: z
Received Data: z
Received Data: z
Received Data: z
Received Data: z
Received Data: z
Received Data: z
Received Data: z
Received Data: z
Received Data: z
Received Data: z
Received Data: z
Received Data: z
Received Data: z
Received Data: z
Received Data: z
Received Data: z
Received Data: z
Received Data: z
Received Data: z
Received Data: z
Received Data: z
Received Data: z
Received Data: z
Received Data: z
Received Data: z
Received Data: z
Received Data: z
Received Data: z
Received Data: z
Received Data: z
Received Data: z
Received Data: z
Received Data: z
Received Data: z
Received Data: z
Received Data: z
Received Data: z
Received Data: z
Received Data: z
Received Data: z
Received Data: z
Received Data: z
Received Data: z
Received Data: z
Received Data: z
Received Data: z
Received Data: z
Received Data: z
Received Data: z
Received Data: z
Received Data: z
Received Data: z
Received Data: z
Received Data: z
Received Data: z
Received Data: z
Received Data: z
Received Data: z
Received Data: z
Received Data: z
Received Data: z
Received Data: z
Received Data: z
Received Data: z
Received Data: z
Received Data: z
Received Data: z
Received Data: z
Received Data: z
Received Data: z
Received Data: z
Received Data: z
Received Data: z
Received Data: z
Received Data: z
Received Data: z
Received Data: z
Received Data: z
Received Data: z
Received Data: z
Received Data: z
Received Data: z
Received Data: z
Received Data: z
Received Data: z
Received Data: z
Received Data: z
Received Data: z
Received Data: z
Received Data: z
Received Data: z
Received Data: z
Received Data: z
Received Data: z
Received Data: z
Received Data: z
Received Data: z
Received Data: z
Received Data: z
Received Data: z
Received Data: z
Received Data: z
Received Data: z
Received Data: z
Received Data: z
Received Data: z
Received Data: z
Received Data: z
Received Data: z
Received Data: z
Received Data: z
Received Data: z
Received Data: z
Received Data: z
Received Data: z
Received Data: z
Received Data: z
Received Data: z
Received Data: z
Received Data: z
Received Data: z
Received Data: z
Received Data: z
Received Data: z
Received Data: z
Received Data: z
Received Data: z
Received Data: z
Received Data: z
Received Data: z
Received Data: z
Received Data: z
Received Data: z
Received Data: z
Received Data: z
Received Data: z
Received Data: z
Received Data: z
Received Data: z
Received Data: z
Received Data: z
Received Data: z
Received Data: z
Received Data: z
Received Data: z
Received Data: z
Received Data: z
Received Data: z
Received Data: z
Received Data: z
Received Data: z
Received Data: z
Received Data: z
Received Data: z
Received Data: z
Received Data: z
Received Data: z
Received Data: z
Received Data: z
Received Data: z
Received Data: z
Received Data: z
Received Data: z
Received Data: z
Received Data: z
Received Data: z
Received Data: z
Received Data: z
Received Data: z
Received Data: z
Received Data: z
Received Data: z
Received Data: z
Received Data: z
Received Data: z
Received Data: z
Received Data: z
Received Data: z
Received Data: z
Received Data: z
Received Data: z
Received Data: z
Received Data: z
Received Data: z
Received Data: z
Received Data: z
Received Data: z
Received Data: z
Received Data: z
INFO: [USF-XSim-96] XSim completed. Design snapshot 'spi_tb_behav' loaded.
INFO: [USF-XSim-97] XSim simulation ran for 1000ns
launch_simulation: Time (s): cpu = 00:00:02 ; elapsed = 00:00:06 . Memory (MB): peak = 2529.051 ; gain = 47.355
close_sim
INFO: [Simtcl 6-16] Simulation closed
exit
INFO: [Common 17-206] Exiting Vivado at Fri Nov 24 12:03:48 2023...
